── Attaching packages ─────────────────────────────────────── tidyverse 1.3.0 ──
✔ ggplot2 3.2.1     ✔ purrr   0.3.3
✔ tibble  2.1.3     ✔ dplyr   0.8.4
✔ tidyr   1.0.2     ✔ stringr 1.4.0
✔ readr   1.3.1     ✔ forcats 0.4.0
── Conflicts ────────────────────────────────────────── tidyverse_conflicts() ──
✖ dplyr::filter() masks stats::filter()
✖ dplyr::lag()    masks stats::lag()

Attaching package: ‘hablar’

The following object is masked from ‘package:dplyr’:

    na_if

Using an auto-discovered, cached token.
To suppress this message, modify your code or options to clearly consent to the use of a cached token.
See gargle's "Non-interactive auth" vignette for more details:
https://gargle.r-lib.org/articles/non-interactive-auth.html
The googlesheets4 package is using a cached token for rexdouglass@gmail.com.
Reading from 'COVID19 Gov Responses Sheet'

[1] 20 18
Observations: 20
Variables: 18
$ X01..URL.of.News.Report.for.Source.of.Information..only.directly.links.to.reputable.news.sources...no.rumors..reddit.pages..or.tweets.                                                                                        <fct> …
$ X02..Date.the.restriction.went.into.effect......NOT.the.date.of.the.article......if.multiple.restrictions.with.DIFFERENT.dates.then.submit.different.reports.for.each.date.                                                   <fct> …
$ X03..Country.of.the.restriction                                                                                                                                                                                               <fct> …
$ X04..If.the.restriction.targets.only.part.of.a.country...what.is.the.name.of.that.part...examples..California.......Hubei.province.......New.Rochelle..New.York......Alameda.County..California...Marin.County..California... <fct> …
$ X05..Does.the.part.of.a.country.you.put.above.in.question.4.have.a.wikipedia.article.about.it...find.and.paste.the.URL.here.                                                                                                  <fct> …
$ X06..Gatherings..new.involuntary.restriction.added.on.that.date.                                                                                                                                                              <fct> …
$ X07..Restaurants..new.involuntary.restriction.added.on.that.date.                                                                                                                                                             <fct> …
$ X08..Entertainment.Industry..Bars..Clubs..Movie.Theaters..Gyms...new.involuntary.restriction.added.on.that.date.                                                                                                              <fct> …
$ X09..International.Flights..new.involuntary.restriction.added.on.that.date.                                                                                                                                                   <fct> …
$ X10..Domestic.Flights..new.involuntary.restriction.added.on.that.date.                                                                                                                                                        <fct> …
$ X11..Domestic.Ground.Travel..new.involuntary.restriction.added.on.that.date.                                                                                                                                                  <fct> …
$ X12..Personal.Mobility..new.involuntary.restriction.added.on.that.date.                                                                                                                                                       <fct> …
$ X13..Suspension.of.Government.Services..new.involuntary.restriction.added.on.that.date.                                                                                                                                       <fct> …
$ X14..Mandatory.Testing..new.involuntary.rule.added.on.that.date.                                                                                                                                                              <fct> …
$ X15..Testing.Availability..new.availability.of.a.service.added.on.that.date.                                                                                                                                                  <fct> …
$ X16..Other.Restrictions.Not.Listed.Above..that.were.NEW..Mandatory..and.added.on.that.date.                                                                                                                                   <fct> …
$ X17..Additional.Comments.or.Questions..Updates.as.they.come.at..RexDouglass.                                                                                                                                                  <fct> …
$ Timestamp                                                                                                                                                                                                                     <fct> …
# A tibble: 6 x 12
  Timestamp entry country location location_wiki date  url   question answer
  <fct>     <int> <fct>   <fct>    <chr>         <fct> <fct> <chr>    <fct> 
1 2020-03-…     1 France  <NA>     <NA>          2020… http… X06..Ga… <NA>  
2 2020-03-…     1 France  <NA>     <NA>          2020… http… X07..Re… <NA>  
3 2020-03-…     1 France  <NA>     <NA>          2020… http… X08..En… <NA>  
4 2020-03-…     1 France  <NA>     <NA>          2020… http… X09..In… a) Re…
5 2020-03-…     1 France  <NA>     <NA>          2020… http… X10..Do… <NA>  
6 2020-03-…     1 France  <NA>     <NA>          2020… http… X11..Do… <NA>  
# … with 3 more variables: question_number <dbl>, question_text <chr>,
#   answer_letter <chr>
Error in gzfile(file, mode) : cannot open the connection
Calls: saveRDS -> gzfile
In addition: Warning message:
In gzfile(file, mode) :
  cannot open compressed file './data_temp/for_viewing_wide.Rds', probable reason 'No such file or directory'
Execution halted
── Attaching packages ─────────────────────────────────────── tidyverse 1.3.0 ──
✔ ggplot2 3.2.1     ✔ purrr   0.3.3
✔ tibble  2.1.3     ✔ dplyr   0.8.4
✔ tidyr   1.0.2     ✔ stringr 1.4.0
✔ readr   1.3.1     ✔ forcats 0.4.0
── Conflicts ────────────────────────────────────────── tidyverse_conflicts() ──
✖ dplyr::filter() masks stats::filter()
✖ dplyr::lag()    masks stats::lag()

Attaching package: ‘hablar’

The following object is masked from ‘package:dplyr’:

    na_if

Using an auto-discovered, cached token.
To suppress this message, modify your code or options to clearly consent to the use of a cached token.
See gargle's "Non-interactive auth" vignette for more details:
https://gargle.r-lib.org/articles/non-interactive-auth.html
The googlesheets4 package is using a cached token for rexdouglass@gmail.com.
Reading from 'COVID19 Gov Responses Sheet'

[1] 23 18
Observations: 23
Variables: 18
$ X01..URL.of.News.Report.for.Source.of.Information..only.directly.links.to.reputable.news.sources...no.rumors..reddit.pages..or.tweets.                                                                                        <fct> …
$ X02..Date.the.restriction.went.into.effect......NOT.the.date.of.the.article......if.multiple.restrictions.with.DIFFERENT.dates.then.submit.different.reports.for.each.date.                                                   <fct> …
$ X03..Country.of.the.restriction                                                                                                                                                                                               <fct> …
$ X04..If.the.restriction.targets.only.part.of.a.country...what.is.the.name.of.that.part...examples..California.......Hubei.province.......New.Rochelle..New.York......Alameda.County..California...Marin.County..California... <fct> …
$ X05..Does.the.part.of.a.country.you.put.above.in.question.4.have.a.wikipedia.article.about.it...find.and.paste.the.URL.here.                                                                                                  <fct> …
$ X06..Gatherings..new.involuntary.restriction.added.on.that.date.                                                                                                                                                              <fct> …
$ X07..Restaurants..new.involuntary.restriction.added.on.that.date.                                                                                                                                                             <fct> …
$ X08..Entertainment.Industry..Bars..Clubs..Movie.Theaters..Gyms...new.involuntary.restriction.added.on.that.date.                                                                                                              <fct> …
$ X09..International.Flights..new.involuntary.restriction.added.on.that.date.                                                                                                                                                   <fct> …
$ X10..Domestic.Flights..new.involuntary.restriction.added.on.that.date.                                                                                                                                                        <fct> …
$ X11..Domestic.Ground.Travel..new.involuntary.restriction.added.on.that.date.                                                                                                                                                  <fct> …
$ X12..Personal.Mobility..new.involuntary.restriction.added.on.that.date.                                                                                                                                                       <fct> …
$ X13..Suspension.of.Government.Services..new.involuntary.restriction.added.on.that.date.                                                                                                                                       <fct> …
$ X14..Mandatory.Testing..new.involuntary.rule.added.on.that.date.                                                                                                                                                              <fct> …
$ X15..Testing.Availability..new.availability.of.a.service.added.on.that.date.                                                                                                                                                  <fct> …
$ X16..Other.Restrictions.Not.Listed.Above..that.were.NEW..Mandatory..and.added.on.that.date.                                                                                                                                   <fct> …
$ X17..Additional.Comments.or.Questions..Updates.as.they.come.at..RexDouglass.                                                                                                                                                  <fct> …
$ Timestamp                                                                                                                                                                                                                     <fct> …
# A tibble: 6 x 12
  Timestamp entry country location location_wiki date  url   question answer
  <fct>     <int> <fct>   <fct>    <chr>         <fct> <fct> <chr>    <fct> 
1 2020-03-…     1 France  <NA>     <NA>          2020… http… X06..Ga… <NA>  
2 2020-03-…     1 France  <NA>     <NA>          2020… http… X07..Re… <NA>  
3 2020-03-…     1 France  <NA>     <NA>          2020… http… X08..En… <NA>  
4 2020-03-…     1 France  <NA>     <NA>          2020… http… X09..In… a) Re…
5 2020-03-…     1 France  <NA>     <NA>          2020… http… X10..Do… <NA>  
6 2020-03-…     1 France  <NA>     <NA>          2020… http… X11..Do… <NA>  
# … with 3 more variables: question_number <dbl>, question_text <chr>,
#   answer_letter <chr>
Error in gzfile(file, mode) : cannot open the connection
Calls: saveRDS -> gzfile
In addition: Warning message:
In gzfile(file, mode) :
  cannot open compressed file './data_temp/for_viewing_wide.Rds', probable reason 'No such file or directory'
Execution halted
── Attaching packages ─────────────────────────────────────── tidyverse 1.3.0 ──
✔ ggplot2 3.2.1     ✔ purrr   0.3.3
✔ tibble  2.1.3     ✔ dplyr   0.8.4
✔ tidyr   1.0.2     ✔ stringr 1.4.0
✔ readr   1.3.1     ✔ forcats 0.4.0
── Conflicts ────────────────────────────────────────── tidyverse_conflicts() ──
✖ dplyr::filter() masks stats::filter()
✖ dplyr::lag()    masks stats::lag()

Attaching package: ‘hablar’

The following object is masked from ‘package:dplyr’:

    na_if

Using an auto-discovered, cached token.
To suppress this message, modify your code or options to clearly consent to the use of a cached token.
See gargle's "Non-interactive auth" vignette for more details:
https://gargle.r-lib.org/articles/non-interactive-auth.html
The googlesheets4 package is using a cached token for rexdouglass@gmail.com.
Auto-refreshing stale OAuth token.
Reading from 'COVID19 Gov Responses Sheet'

[1] 26 18
Observations: 26
Variables: 18
$ X01..URL.of.News.Report.for.Source.of.Information..only.directly.links.to.reputable.news.sources...no.rumors..reddit.pages..or.tweets.                                                                                        <fct> …
$ X02..Date.the.restriction.went.into.effect......NOT.the.date.of.the.article......if.multiple.restrictions.with.DIFFERENT.dates.then.submit.different.reports.for.each.date.                                                   <fct> …
$ X03..Country.of.the.restriction                                                                                                                                                                                               <fct> …
$ X04..If.the.restriction.targets.only.part.of.a.country...what.is.the.name.of.that.part...examples..California.......Hubei.province.......New.Rochelle..New.York......Alameda.County..California...Marin.County..California... <fct> …
$ X05..Does.the.part.of.a.country.you.put.above.in.question.4.have.a.wikipedia.article.about.it...find.and.paste.the.URL.here.                                                                                                  <fct> …
$ X06..Gatherings..new.involuntary.restriction.added.on.that.date.                                                                                                                                                              <fct> …
$ X07..Restaurants..new.involuntary.restriction.added.on.that.date.                                                                                                                                                             <fct> …
$ X08..Entertainment.Industry..Bars..Clubs..Movie.Theaters..Gyms...new.involuntary.restriction.added.on.that.date.                                                                                                              <fct> …
$ X09..International.Flights..new.involuntary.restriction.added.on.that.date.                                                                                                                                                   <fct> …
$ X10..Domestic.Flights..new.involuntary.restriction.added.on.that.date.                                                                                                                                                        <fct> …
$ X11..Domestic.Ground.Travel..new.involuntary.restriction.added.on.that.date.                                                                                                                                                  <fct> …
$ X12..Personal.Mobility..new.involuntary.restriction.added.on.that.date.                                                                                                                                                       <fct> …
$ X13..Suspension.of.Government.Services..new.involuntary.restriction.added.on.that.date.                                                                                                                                       <fct> …
$ X14..Mandatory.Testing..new.involuntary.rule.added.on.that.date.                                                                                                                                                              <fct> …
$ X15..Testing.Availability..new.availability.of.a.service.added.on.that.date.                                                                                                                                                  <fct> …
$ X16..Other.Restrictions.Not.Listed.Above..that.were.NEW..Mandatory..and.added.on.that.date.                                                                                                                                   <fct> …
$ X17..Additional.Comments.or.Questions..Updates.as.they.come.at..RexDouglass.                                                                                                                                                  <fct> …
$ Timestamp                                                                                                                                                                                                                     <fct> …
# A tibble: 6 x 12
  Timestamp entry country location location_wiki date  url   question answer
  <fct>     <int> <fct>   <fct>    <chr>         <fct> <fct> <chr>    <fct> 
1 2020-03-…     1 France  <NA>     <NA>          2020… http… X06..Ga… <NA>  
2 2020-03-…     1 France  <NA>     <NA>          2020… http… X07..Re… <NA>  
3 2020-03-…     1 France  <NA>     <NA>          2020… http… X08..En… <NA>  
4 2020-03-…     1 France  <NA>     <NA>          2020… http… X09..In… a) Re…
5 2020-03-…     1 France  <NA>     <NA>          2020… http… X10..Do… <NA>  
6 2020-03-…     1 France  <NA>     <NA>          2020… http… X11..Do… <NA>  
# … with 3 more variables: question_number <dbl>, question_text <chr>,
#   answer_letter <chr>
Error in gzfile(file, mode) : cannot open the connection
Calls: saveRDS -> gzfile
In addition: Warning message:
In gzfile(file, mode) :
  cannot open compressed file './data_temp/for_viewing_wide.Rds', probable reason 'No such file or directory'
Execution halted
